[2022-12-07 14:31:7] pattern-logger-loader is handing file: /root/maple/base/examples/webpack-react/src/main.tsx
[2022-12-07 14:31:8] pattern-logger-loader is handing file: /root/maple/base/examples/webpack-react/src/app.tsx
[2022-12-07 14:31:8] pattern-logger-loader is handing file: /root/maple/base/examples/webpack-react/src/area.tsx
[2022-12-07 14:31:8] pattern-logger-loader is handing file: /root/maple/base/packages/react-hooks/esm/index.js
[2022-12-07 14:31:8] pattern-logger-loader is handing file: /root/maple/base/packages/react-hooks/esm/dom/index.js
[2022-12-07 14:31:8] pattern-logger-loader is handing file: /root/maple/base/packages/react-hooks/esm/utils/index.js
[2022-12-07 14:31:8] pattern-logger-loader is handing file: /root/maple/base/packages/react-hooks/esm/dom/useScript.js
[2022-12-07 14:31:8] pattern-logger-loader is handing file: /root/maple/base/packages/react-hooks/esm/utils/useMount.js
[2022-12-07 14:31:8] pattern-logger-loader is handing file: /root/maple/base/packages/react-hooks/esm/dom/useWindowSize.js
[2022-12-07 14:31:8] pattern-logger-loader is handing file: /root/maple/base/packages/react-hooks/esm/utils/useSingleton.js
[2022-12-07 14:31:8] pattern-logger-loader is handing file: /root/maple/base/packages/react-hooks/esm/utils/useUnmount.js
[2022-12-07 14:31:8] pattern-logger-loader is handing file: /root/maple/base/packages/react-hooks/esm/utils/useScroll.js
[2022-12-07 14:31:9] pattern-logger-loader is handing file: /root/maple/base/packages/react-hooks/esm/utils/useAsync.js
[2022-12-07 14:31:9] pattern-logger-loader is handing file: /root/maple/base/packages/react-hooks/esm/utils/useEffectOnce.js
[2022-12-07 14:31:9] pattern-logger-loader is handing file: /root/maple/base/packages/react-hooks/esm/helper/index.js
[2022-12-07 14:34:21] pattern-logger-loader is handing file: /root/maple/base/examples/webpack-react/src/main.tsx
[2022-12-07 14:34:22] pattern-logger-loader is handing file: /root/maple/base/examples/webpack-react/src/app.tsx
[2022-12-07 14:34:22] pattern-logger-loader is handing file: /root/maple/base/examples/webpack-react/src/area.tsx
[2022-12-07 14:34:22] pattern-logger-loader is handing file: /root/maple/base/packages/react-hooks/esm/index.js
[2022-12-07 14:34:22] pattern-logger-loader is handing file: /root/maple/base/packages/react-hooks/esm/dom/index.js
[2022-12-07 14:34:22] pattern-logger-loader is handing file: /root/maple/base/packages/react-hooks/esm/utils/index.js
[2022-12-07 14:34:22] pattern-logger-loader is handing file: /root/maple/base/packages/react-hooks/esm/dom/useScript.js
[2022-12-07 14:34:22] pattern-logger-loader is handing file: /root/maple/base/packages/react-hooks/esm/dom/useWindowSize.js
[2022-12-07 14:34:22] pattern-logger-loader is handing file: /root/maple/base/packages/react-hooks/esm/utils/useMount.js
[2022-12-07 14:34:22] pattern-logger-loader is handing file: /root/maple/base/packages/react-hooks/esm/utils/useUnmount.js
[2022-12-07 14:34:22] pattern-logger-loader is handing file: /root/maple/base/packages/react-hooks/esm/utils/useSingleton.js
[2022-12-07 14:34:22] pattern-logger-loader is handing file: /root/maple/base/packages/react-hooks/esm/utils/useAsync.js
[2022-12-07 14:34:22] pattern-logger-loader is handing file: /root/maple/base/packages/react-hooks/esm/utils/useScroll.js
[2022-12-07 14:34:23] pattern-logger-loader is handing file: /root/maple/base/packages/react-hooks/esm/utils/useEffectOnce.js
[2022-12-07 14:34:23] pattern-logger-loader is handing file: /root/maple/base/packages/react-hooks/esm/helper/index.js
[2022-12-07 15:14:39] pattern-logger-loader is handing file: /root/maple/base/examples/webpack-react/src/main.tsx
[2022-12-07 15:14:39] pattern-logger-loader is handing file: /root/maple/base/examples/webpack-react/src/app.tsx
[2022-12-07 15:14:39] pattern-logger-loader is handing file: /root/maple/base/examples/webpack-react/src/area.tsx
[2022-12-07 15:14:40] pattern-logger-loader is handing file: /root/maple/base/packages/react-hooks/esm/index.js
[2022-12-07 15:14:40] pattern-logger-loader is handing file: /root/maple/base/packages/react-hooks/esm/utils/index.js
[2022-12-07 15:14:40] pattern-logger-loader is handing file: /root/maple/base/packages/react-hooks/esm/dom/index.js
[2022-12-07 15:14:40] pattern-logger-loader is handing file: /root/maple/base/packages/react-hooks/esm/utils/useUnmount.js
[2022-12-07 15:14:40] pattern-logger-loader is handing file: /root/maple/base/packages/react-hooks/esm/utils/useMount.js
[2022-12-07 15:14:40] pattern-logger-loader is handing file: /root/maple/base/packages/react-hooks/esm/utils/useSingleton.js
[2022-12-07 15:14:40] pattern-logger-loader is handing file: /root/maple/base/packages/react-hooks/esm/utils/useAsync.js
[2022-12-07 15:14:40] pattern-logger-loader is handing file: /root/maple/base/packages/react-hooks/esm/utils/useScroll.js
[2022-12-07 15:14:40] pattern-logger-loader is handing file: /root/maple/base/packages/react-hooks/esm/dom/useScript.js
[2022-12-07 15:14:40] pattern-logger-loader is handing file: /root/maple/base/packages/react-hooks/esm/dom/useWindowSize.js
[2022-12-07 15:14:41] pattern-logger-loader is handing file: /root/maple/base/packages/react-hooks/esm/utils/useEffectOnce.js
[2022-12-07 15:14:41] pattern-logger-loader is handing file: /root/maple/base/packages/react-hooks/esm/helper/index.js
[2023-01-15 11:9:24] pattern-logger-loader is handing file: /root/maple/base/examples/webpack-react/src/main.tsx
[2023-01-15 11:9:25] pattern-logger-loader is handing file: /root/maple/base/examples/webpack-react/src/app.tsx
[2023-01-15 11:9:25] pattern-logger-loader is handing file: /root/maple/base/packages/react-hooks/esm/index.js
[2023-01-15 11:9:25] pattern-logger-loader is handing file: /root/maple/base/packages/react-hooks/esm/utils/index.js
[2023-01-15 11:9:25] pattern-logger-loader is handing file: /root/maple/base/packages/react-hooks/esm/dom/index.js
[2023-01-15 11:9:26] pattern-logger-loader is handing file: /root/maple/base/packages/react-hooks/esm/utils/useAsync.js
[2023-01-15 11:9:26] pattern-logger-loader is handing file: /root/maple/base/packages/react-hooks/esm/utils/useUnmount.js
[2023-01-15 11:9:26] pattern-logger-loader is handing file: /root/maple/base/packages/react-hooks/esm/utils/useSingleton.js
[2023-01-15 11:9:26] pattern-logger-loader is handing file: /root/maple/base/packages/react-hooks/esm/utils/useMount.js
[2023-01-15 11:9:26] pattern-logger-loader is handing file: /root/maple/base/packages/react-hooks/esm/utils/useScroll.js
[2023-01-15 11:9:26] pattern-logger-loader is handing file: /root/maple/base/packages/react-hooks/esm/dom/useWindowSize.js
[2023-01-15 11:9:26] pattern-logger-loader is handing file: /root/maple/base/packages/react-hooks/esm/dom/useScript.js
[2023-01-15 11:9:26] pattern-logger-loader is handing file: /root/maple/base/packages/react-hooks/esm/utils/useEffectOnce.js
[2023-01-15 11:9:26] pattern-logger-loader is handing file: /root/maple/base/packages/react-hooks/esm/helper/index.js
[2023-01-15 11:34:49] pattern-logger-loader is handing file: /root/maple/base/examples/webpack-react/src/main.tsx
[2023-01-15 11:34:50] pattern-logger-loader is handing file: /root/maple/base/examples/webpack-react/src/app.tsx
[2023-01-15 11:34:50] pattern-logger-loader is handing file: /root/maple/base/packages/react-hooks/esm/index.js
[2023-01-15 11:34:51] pattern-logger-loader is handing file: /root/maple/base/packages/react-hooks/esm/dom/index.js
[2023-01-15 11:34:51] pattern-logger-loader is handing file: /root/maple/base/packages/react-hooks/esm/utils/index.js
[2023-01-15 11:34:51] pattern-logger-loader is handing file: /root/maple/base/packages/react-hooks/esm/utils/useUnmount.js
[2023-01-15 11:34:51] pattern-logger-loader is handing file: /root/maple/base/packages/react-hooks/esm/dom/useWindowSize.js
[2023-01-15 11:34:51] pattern-logger-loader is handing file: /root/maple/base/packages/react-hooks/esm/utils/useMount.js
[2023-01-15 11:34:51] pattern-logger-loader is handing file: /root/maple/base/packages/react-hooks/esm/dom/useScript.js
[2023-01-15 11:34:51] pattern-logger-loader is handing file: /root/maple/base/packages/react-hooks/esm/utils/useAsync.js
[2023-01-15 11:34:51] pattern-logger-loader is handing file: /root/maple/base/packages/react-hooks/esm/utils/useSingleton.js
[2023-01-15 11:34:51] pattern-logger-loader is handing file: /root/maple/base/packages/react-hooks/esm/utils/useScroll.js
[2023-01-15 11:34:51] pattern-logger-loader is handing file: /root/maple/base/packages/react-hooks/esm/utils/useEffectOnce.js
[2023-01-15 11:34:51] pattern-logger-loader is handing file: /root/maple/base/packages/react-hooks/esm/helper/index.js
[2023-01-15 11:36:49] pattern-logger-loader is handing file: /root/maple/base/examples/webpack-react/src/main.tsx
[2023-01-15 11:36:50] pattern-logger-loader is handing file: /root/maple/base/examples/webpack-react/src/app.tsx
[2023-01-15 11:36:50] pattern-logger-loader is handing file: /root/maple/base/packages/react-hooks/esm/index.js
[2023-01-15 11:36:51] pattern-logger-loader is handing file: /root/maple/base/packages/react-hooks/esm/dom/index.js
[2023-01-15 11:36:51] pattern-logger-loader is handing file: /root/maple/base/packages/react-hooks/esm/utils/index.js
[2023-01-15 11:36:51] pattern-logger-loader is handing file: /root/maple/base/packages/react-hooks/esm/dom/useScript.js
[2023-01-15 11:36:51] pattern-logger-loader is handing file: /root/maple/base/packages/react-hooks/esm/dom/useWindowSize.js
[2023-01-15 11:36:51] pattern-logger-loader is handing file: /root/maple/base/packages/react-hooks/esm/utils/useMount.js
[2023-01-15 11:36:51] pattern-logger-loader is handing file: /root/maple/base/packages/react-hooks/esm/utils/useUnmount.js
[2023-01-15 11:36:51] pattern-logger-loader is handing file: /root/maple/base/packages/react-hooks/esm/utils/useSingleton.js
[2023-01-15 11:36:51] pattern-logger-loader is handing file: /root/maple/base/packages/react-hooks/esm/utils/useAsync.js
[2023-01-15 11:36:51] pattern-logger-loader is handing file: /root/maple/base/packages/react-hooks/esm/utils/useScroll.js
[2023-01-15 11:36:51] pattern-logger-loader is handing file: /root/maple/base/packages/react-hooks/esm/utils/useEffectOnce.js
[2023-01-15 11:36:51] pattern-logger-loader is handing file: /root/maple/base/packages/react-hooks/esm/helper/index.js
[2023-01-15 11:37:50] pattern-logger-loader is handing file: /root/maple/base/examples/webpack-react/src/main.tsx
[2023-01-15 11:37:51] pattern-logger-loader is handing file: /root/maple/base/examples/webpack-react/src/app.tsx
[2023-01-15 11:37:51] pattern-logger-loader is handing file: /root/maple/base/packages/react-hooks/esm/index.js
[2023-01-15 11:37:51] pattern-logger-loader is handing file: /root/maple/base/packages/react-hooks/esm/dom/index.js
[2023-01-15 11:37:51] pattern-logger-loader is handing file: /root/maple/base/packages/react-hooks/esm/utils/index.js
[2023-01-15 11:37:52] pattern-logger-loader is handing file: /root/maple/base/packages/react-hooks/esm/dom/useScript.js
[2023-01-15 11:37:52] pattern-logger-loader is handing file: /root/maple/base/packages/react-hooks/esm/dom/useWindowSize.js
[2023-01-15 11:37:52] pattern-logger-loader is handing file: /root/maple/base/packages/react-hooks/esm/utils/useMount.js
[2023-01-15 11:37:52] pattern-logger-loader is handing file: /root/maple/base/packages/react-hooks/esm/utils/useUnmount.js
[2023-01-15 11:37:52] pattern-logger-loader is handing file: /root/maple/base/packages/react-hooks/esm/utils/useSingleton.js
[2023-01-15 11:37:52] pattern-logger-loader is handing file: /root/maple/base/packages/react-hooks/esm/utils/useAsync.js
[2023-01-15 11:37:52] pattern-logger-loader is handing file: /root/maple/base/packages/react-hooks/esm/utils/useScroll.js
[2023-01-15 11:37:52] pattern-logger-loader is handing file: /root/maple/base/packages/react-hooks/esm/utils/useEffectOnce.js
[2023-01-15 11:37:52] pattern-logger-loader is handing file: /root/maple/base/packages/react-hooks/esm/helper/index.js
[2023-01-15 11:43:18] pattern-logger-loader is handing file: /root/maple/base/examples/webpack-react/src/main.tsx
[2023-01-15 11:43:18] pattern-logger-loader is handing file: /root/maple/base/examples/webpack-react/src/app.tsx
[2023-01-15 11:43:18] pattern-logger-loader is handing file: /root/maple/base/packages/react-hooks/esm/index.js
[2023-01-15 11:43:19] pattern-logger-loader is handing file: /root/maple/base/packages/react-hooks/esm/dom/index.js
[2023-01-15 11:43:19] pattern-logger-loader is handing file: /root/maple/base/packages/react-hooks/esm/utils/index.js
[2023-01-15 11:43:19] pattern-logger-loader is handing file: /root/maple/base/packages/react-hooks/esm/dom/useScript.js
[2023-01-15 11:43:19] pattern-logger-loader is handing file: /root/maple/base/packages/react-hooks/esm/dom/useWindowSize.js
[2023-01-15 11:43:19] pattern-logger-loader is handing file: /root/maple/base/packages/react-hooks/esm/utils/useMount.js
[2023-01-15 11:43:19] pattern-logger-loader is handing file: /root/maple/base/packages/react-hooks/esm/utils/useUnmount.js
[2023-01-15 11:43:19] pattern-logger-loader is handing file: /root/maple/base/packages/react-hooks/esm/utils/useSingleton.js
[2023-01-15 11:43:19] pattern-logger-loader is handing file: /root/maple/base/packages/react-hooks/esm/utils/useAsync.js
[2023-01-15 11:43:19] pattern-logger-loader is handing file: /root/maple/base/packages/react-hooks/esm/utils/useScroll.js
[2023-01-15 11:43:19] pattern-logger-loader is handing file: /root/maple/base/packages/react-hooks/esm/utils/useEffectOnce.js
[2023-01-15 11:43:19] pattern-logger-loader is handing file: /root/maple/base/packages/react-hooks/esm/helper/index.js
[2023-01-15 17:56:54] pattern-logger-loader is handing file: /root/maple/base/examples/webpack-react/src/main.tsx
[2023-01-15 17:57:59] pattern-logger-loader is handing file: /root/maple/base/examples/webpack-react/src/main.tsx
[2023-01-15 17:57:59] pattern-logger-loader is handing file: /root/maple/base/examples/webpack-react/src/app.tsx
[2023-01-15 17:57:59] pattern-logger-loader is handing file: /root/maple/base/packages/react-hooks/esm/index.js
[2023-01-15 17:58:0] pattern-logger-loader is handing file: /root/maple/base/packages/react-hooks/esm/utils/index.js
[2023-01-15 17:58:0] pattern-logger-loader is handing file: /root/maple/base/packages/react-hooks/esm/dom/index.js
[2023-01-15 17:58:1] pattern-logger-loader is handing file: /root/maple/base/packages/react-hooks/esm/utils/useSingleton.js
[2023-01-15 17:58:1] pattern-logger-loader is handing file: /root/maple/base/packages/react-hooks/esm/utils/useAsync.js
[2023-01-15 17:58:1] pattern-logger-loader is handing file: /root/maple/base/packages/react-hooks/esm/utils/useUnmount.js
[2023-01-15 17:58:1] pattern-logger-loader is handing file: /root/maple/base/packages/react-hooks/esm/utils/useMount.js
[2023-01-15 17:58:1] pattern-logger-loader is handing file: /root/maple/base/packages/react-hooks/esm/utils/useScroll.js
[2023-01-15 17:58:1] pattern-logger-loader is handing file: /root/maple/base/packages/react-hooks/esm/dom/useWindowSize.js
[2023-01-15 17:58:1] pattern-logger-loader is handing file: /root/maple/base/packages/react-hooks/esm/dom/useScript.js
[2023-01-15 17:58:1] pattern-logger-loader is handing file: /root/maple/base/packages/react-hooks/esm/utils/useEffectOnce.js
[2023-01-15 17:58:1] pattern-logger-loader is handing file: /root/maple/base/packages/react-hooks/esm/helper/index.js
[2023-01-15 18:0:37] pattern-logger-loader is handing file: /root/maple/base/examples/webpack-react/src/main.tsx
[2023-01-15 18:0:53] pattern-logger-loader is handing file: /root/maple/base/examples/webpack-react/src/main.tsx
[2023-01-15 22:30:30] pattern-logger-loader is handing file: /Volumes/T7/maple-base/examples/webpack-react/src/main.tsx
[2023-01-15 22:30:30] pattern-logger-loader is handing file: /Volumes/T7/maple-base/examples/webpack-react/src/app.tsx
[2023-01-15 22:30:31] pattern-logger-loader is handing file: /Volumes/T7/maple-base/packages/react-hooks/esm/index.js
[2023-01-15 22:30:31] pattern-logger-loader is handing file: /Volumes/T7/maple-base/packages/react-hooks/esm/dom/index.js
[2023-01-15 22:30:31] pattern-logger-loader is handing file: /Volumes/T7/maple-base/packages/react-hooks/esm/utils/index.js
[2023-01-15 22:30:31] pattern-logger-loader is handing file: /Volumes/T7/maple-base/packages/react-hooks/esm/utils/useMount.js
[2023-01-15 22:30:31] pattern-logger-loader is handing file: /Volumes/T7/maple-base/packages/react-hooks/esm/utils/useSingleton.js
[2023-01-15 22:30:31] pattern-logger-loader is handing file: /Volumes/T7/maple-base/packages/react-hooks/esm/utils/useAsync.js
[2023-01-15 22:30:31] pattern-logger-loader is handing file: /Volumes/T7/maple-base/packages/react-hooks/esm/utils/useScroll.js
[2023-01-15 22:30:31] pattern-logger-loader is handing file: /Volumes/T7/maple-base/packages/react-hooks/esm/utils/useUnmount.js
[2023-01-15 22:30:31] pattern-logger-loader is handing file: /Volumes/T7/maple-base/packages/react-hooks/esm/dom/useScript.js
[2023-01-15 22:30:31] pattern-logger-loader is handing file: /Volumes/T7/maple-base/packages/react-hooks/esm/dom/useWindowSize.js
[2023-01-15 22:30:31] pattern-logger-loader is handing file: /Volumes/T7/maple-base/packages/react-hooks/esm/utils/useEffectOnce.js
[2023-01-15 22:30:31] pattern-logger-loader is handing file: /Volumes/T7/maple-base/packages/react-hooks/esm/helper/index.js
[2023-01-15 22:31:36] pattern-logger-loader is handing file: /Volumes/T7/maple-base/examples/webpack-react/src/main.tsx
[2023-01-15 22:31:37] pattern-logger-loader is handing file: /Volumes/T7/maple-base/examples/webpack-react/src/app.tsx
[2023-01-15 22:31:37] pattern-logger-loader is handing file: /Volumes/T7/maple-base/packages/react-hooks/esm/index.js
[2023-01-15 22:31:37] pattern-logger-loader is handing file: /Volumes/T7/maple-base/packages/react-hooks/esm/utils/index.js
[2023-01-15 22:31:37] pattern-logger-loader is handing file: /Volumes/T7/maple-base/packages/react-hooks/esm/dom/index.js
[2023-01-15 22:31:38] pattern-logger-loader is handing file: /Volumes/T7/maple-base/packages/react-hooks/esm/utils/useMount.js
[2023-01-15 22:31:38] pattern-logger-loader is handing file: /Volumes/T7/maple-base/packages/react-hooks/esm/utils/useAsync.js
[2023-01-15 22:31:38] pattern-logger-loader is handing file: /Volumes/T7/maple-base/packages/react-hooks/esm/utils/useSingleton.js
[2023-01-15 22:31:38] pattern-logger-loader is handing file: /Volumes/T7/maple-base/packages/react-hooks/esm/dom/useScript.js
[2023-01-15 22:31:38] pattern-logger-loader is handing file: /Volumes/T7/maple-base/packages/react-hooks/esm/utils/useScroll.js
[2023-01-15 22:31:38] pattern-logger-loader is handing file: /Volumes/T7/maple-base/packages/react-hooks/esm/utils/useUnmount.js
[2023-01-15 22:31:38] pattern-logger-loader is handing file: /Volumes/T7/maple-base/packages/react-hooks/esm/dom/useWindowSize.js
[2023-01-15 22:31:38] pattern-logger-loader is handing file: /Volumes/T7/maple-base/packages/react-hooks/esm/utils/useEffectOnce.js
[2023-01-15 22:31:38] pattern-logger-loader is handing file: /Volumes/T7/maple-base/packages/react-hooks/esm/helper/index.js
[2023-01-15 22:32:03] pattern-logger-loader is handing file: /Volumes/T7/maple-base/examples/webpack-react/src/main.tsx
[2023-01-15 22:32:04] pattern-logger-loader is handing file: /Volumes/T7/maple-base/examples/webpack-react/src/app.tsx
[2023-01-15 22:32:04] pattern-logger-loader is handing file: /Volumes/T7/maple-base/packages/react-hooks/esm/index.js
[2023-01-15 22:32:05] pattern-logger-loader is handing file: /Volumes/T7/maple-base/packages/react-hooks/esm/dom/index.js
[2023-01-15 22:32:05] pattern-logger-loader is handing file: /Volumes/T7/maple-base/packages/react-hooks/esm/utils/index.js
[2023-01-15 22:32:05] pattern-logger-loader is handing file: /Volumes/T7/maple-base/packages/react-hooks/esm/dom/useScript.js
[2023-01-15 22:32:05] pattern-logger-loader is handing file: /Volumes/T7/maple-base/packages/react-hooks/esm/utils/useMount.js
[2023-01-15 22:32:05] pattern-logger-loader is handing file: /Volumes/T7/maple-base/packages/react-hooks/esm/dom/useWindowSize.js
[2023-01-15 22:32:05] pattern-logger-loader is handing file: /Volumes/T7/maple-base/packages/react-hooks/esm/utils/useAsync.js
[2023-01-15 22:32:05] pattern-logger-loader is handing file: /Volumes/T7/maple-base/packages/react-hooks/esm/utils/useSingleton.js
[2023-01-15 22:32:05] pattern-logger-loader is handing file: /Volumes/T7/maple-base/packages/react-hooks/esm/utils/useScroll.js
[2023-01-15 22:32:05] pattern-logger-loader is handing file: /Volumes/T7/maple-base/packages/react-hooks/esm/utils/useUnmount.js
[2023-01-15 22:32:05] pattern-logger-loader is handing file: /Volumes/T7/maple-base/packages/react-hooks/esm/utils/useEffectOnce.js
[2023-01-15 22:32:05] pattern-logger-loader is handing file: /Volumes/T7/maple-base/packages/react-hooks/esm/helper/index.js
[2023-01-15 22:32:31] pattern-logger-loader is handing file: /Volumes/T7/maple-base/examples/webpack-react/src/main.tsx
[2023-01-15 22:32:31] pattern-logger-loader is handing file: /Volumes/T7/maple-base/examples/webpack-react/src/app.tsx
[2023-01-15 22:32:32] pattern-logger-loader is handing file: /Volumes/T7/maple-base/packages/react-hooks/esm/index.js
[2023-01-15 22:32:32] pattern-logger-loader is handing file: /Volumes/T7/maple-base/packages/react-hooks/esm/utils/index.js
[2023-01-15 22:32:32] pattern-logger-loader is handing file: /Volumes/T7/maple-base/packages/react-hooks/esm/dom/index.js
[2023-01-15 22:32:32] pattern-logger-loader is handing file: /Volumes/T7/maple-base/packages/react-hooks/esm/utils/useMount.js
[2023-01-15 22:32:32] pattern-logger-loader is handing file: /Volumes/T7/maple-base/packages/react-hooks/esm/utils/useUnmount.js
[2023-01-15 22:32:32] pattern-logger-loader is handing file: /Volumes/T7/maple-base/packages/react-hooks/esm/utils/useSingleton.js
[2023-01-15 22:32:32] pattern-logger-loader is handing file: /Volumes/T7/maple-base/packages/react-hooks/esm/utils/useScroll.js
[2023-01-15 22:32:32] pattern-logger-loader is handing file: /Volumes/T7/maple-base/packages/react-hooks/esm/utils/useAsync.js
[2023-01-15 22:32:32] pattern-logger-loader is handing file: /Volumes/T7/maple-base/packages/react-hooks/esm/dom/useWindowSize.js
[2023-01-15 22:32:32] pattern-logger-loader is handing file: /Volumes/T7/maple-base/packages/react-hooks/esm/dom/useScript.js
[2023-01-15 22:32:33] pattern-logger-loader is handing file: /Volumes/T7/maple-base/packages/react-hooks/esm/utils/useEffectOnce.js
[2023-01-15 22:32:33] pattern-logger-loader is handing file: /Volumes/T7/maple-base/packages/react-hooks/esm/helper/index.js
[2023-01-15 22:33:02] pattern-logger-loader is handing file: /Volumes/T7/maple-base/examples/webpack-react/src/app.tsx
[2023-01-15 22:33:12] pattern-logger-loader is handing file: /Volumes/T7/maple-base/examples/webpack-react/src/main.tsx
[2023-01-15 22:33:12] pattern-logger-loader is handing file: /Volumes/T7/maple-base/examples/webpack-react/src/app.tsx
[2023-01-15 22:33:17] pattern-logger-loader is handing file: /Volumes/T7/maple-base/examples/webpack-react/src/main.tsx
[2023-01-15 22:33:33] pattern-logger-loader is handing file: /Volumes/T7/maple-base/examples/webpack-react/src/main.tsx
[2023-01-15 22:33:34] pattern-logger-loader is handing file: /Volumes/T7/maple-base/examples/webpack-react/src/app.tsx
[2023-01-15 22:33:34] pattern-logger-loader is handing file: /Volumes/T7/maple-base/packages/react-hooks/esm/index.js
[2023-01-15 22:33:35] pattern-logger-loader is handing file: /Volumes/T7/maple-base/packages/react-hooks/esm/utils/index.js
[2023-01-15 22:33:35] pattern-logger-loader is handing file: /Volumes/T7/maple-base/packages/react-hooks/esm/dom/index.js
[2023-01-15 22:33:35] pattern-logger-loader is handing file: /Volumes/T7/maple-base/packages/react-hooks/esm/utils/useMount.js
[2023-01-15 22:33:35] pattern-logger-loader is handing file: /Volumes/T7/maple-base/packages/react-hooks/esm/utils/useUnmount.js
[2023-01-15 22:33:35] pattern-logger-loader is handing file: /Volumes/T7/maple-base/packages/react-hooks/esm/utils/useSingleton.js
[2023-01-15 22:33:35] pattern-logger-loader is handing file: /Volumes/T7/maple-base/packages/react-hooks/esm/utils/useAsync.js
[2023-01-15 22:33:35] pattern-logger-loader is handing file: /Volumes/T7/maple-base/packages/react-hooks/esm/dom/useScript.js
[2023-01-15 22:33:35] pattern-logger-loader is handing file: /Volumes/T7/maple-base/packages/react-hooks/esm/dom/useWindowSize.js
[2023-01-15 22:33:35] pattern-logger-loader is handing file: /Volumes/T7/maple-base/packages/react-hooks/esm/utils/useScroll.js
[2023-01-15 22:33:35] pattern-logger-loader is handing file: /Volumes/T7/maple-base/packages/react-hooks/esm/utils/useEffectOnce.js
[2023-01-15 22:33:35] pattern-logger-loader is handing file: /Volumes/T7/maple-base/packages/react-hooks/esm/helper/index.js
[2023-01-15 22:33:55] pattern-logger-loader is handing file: /Volumes/T7/maple-base/examples/webpack-react/src/app.tsx
[2023-01-15 22:34:08] pattern-logger-loader is handing file: /Volumes/T7/maple-base/examples/webpack-react/src/app.tsx
[2023-01-15 22:34:12] pattern-logger-loader is handing file: /Volumes/T7/maple-base/examples/webpack-react/src/app.tsx
[2023-01-15 22:34:34] pattern-logger-loader is handing file: /Volumes/T7/maple-base/examples/webpack-react/src/app.tsx
[2023-01-15 22:34:58] pattern-logger-loader is handing file: /Volumes/T7/maple-base/examples/webpack-react/src/main.tsx
[2023-01-15 22:34:58] pattern-logger-loader is handing file: /Volumes/T7/maple-base/examples/webpack-react/src/app.tsx
[2023-01-15 22:35:54] pattern-logger-loader is handing file: /Volumes/T7/maple-base/examples/webpack-react/src/main.tsx
[2023-01-15 22:35:54] pattern-logger-loader is handing file: /Volumes/T7/maple-base/examples/webpack-react/src/app.tsx
[2023-01-15 22:35:56] pattern-logger-loader is handing file: /Volumes/T7/maple-base/examples/webpack-react/src/main.tsx
[2023-01-15 22:35:56] pattern-logger-loader is handing file: /Volumes/T7/maple-base/examples/webpack-react/src/app.tsx
[2023-01-15 22:40:53] pattern-logger-loader is handing file: /Volumes/T7/maple-base/examples/webpack-react/src/main.tsx
[2023-01-15 22:40:56] pattern-logger-loader is handing file: /Volumes/T7/maple-base/examples/webpack-react/src/app.tsx
[2023-01-15 22:40:56] pattern-logger-loader is handing file: /Volumes/T7/maple-base/packages/react-hooks/esm/index.js
[2023-01-15 22:40:56] pattern-logger-loader is handing file: /Volumes/T7/maple-base/packages/react-hooks/esm/utils/index.js
[2023-01-15 22:40:56] pattern-logger-loader is handing file: /Volumes/T7/maple-base/packages/react-hooks/esm/dom/index.js
[2023-01-15 22:40:57] pattern-logger-loader is handing file: /Volumes/T7/maple-base/packages/react-hooks/esm/utils/useUnmount.js
[2023-01-15 22:40:57] pattern-logger-loader is handing file: /Volumes/T7/maple-base/packages/react-hooks/esm/utils/useMount.js
[2023-01-15 22:40:57] pattern-logger-loader is handing file: /Volumes/T7/maple-base/packages/react-hooks/esm/utils/useSingleton.js
[2023-01-15 22:40:57] pattern-logger-loader is handing file: /Volumes/T7/maple-base/packages/react-hooks/esm/utils/useAsync.js
[2023-01-15 22:40:57] pattern-logger-loader is handing file: /Volumes/T7/maple-base/packages/react-hooks/esm/dom/useScript.js
[2023-01-15 22:40:57] pattern-logger-loader is handing file: /Volumes/T7/maple-base/packages/react-hooks/esm/utils/useScroll.js
[2023-01-15 22:40:57] pattern-logger-loader is handing file: /Volumes/T7/maple-base/packages/react-hooks/esm/dom/useWindowSize.js
[2023-01-15 22:40:57] pattern-logger-loader is handing file: /Volumes/T7/maple-base/packages/react-hooks/esm/utils/useEffectOnce.js
[2023-01-15 22:40:57] pattern-logger-loader is handing file: /Volumes/T7/maple-base/packages/react-hooks/esm/helper/index.js
[2023-01-15 22:42:23] pattern-logger-loader is handing file: /Volumes/T7/maple-base/examples/webpack-react/src/main.tsx
[2023-01-15 22:42:23] pattern-logger-loader is handing file: /Volumes/T7/maple-base/examples/webpack-react/src/app.tsx
[2023-01-15 22:43:25] pattern-logger-loader is handing file: /Volumes/T7/maple-base/examples/webpack-react/src/main.tsx
[2023-01-15 22:43:26] pattern-logger-loader is handing file: /Volumes/T7/maple-base/examples/webpack-react/src/app.tsx
[2023-01-15 22:43:26] pattern-logger-loader is handing file: /Volumes/T7/maple-base/packages/react-hooks/esm/index.js
[2023-01-15 22:43:26] pattern-logger-loader is handing file: /Volumes/T7/maple-base/packages/react-hooks/esm/dom/index.js
[2023-01-15 22:43:26] pattern-logger-loader is handing file: /Volumes/T7/maple-base/packages/react-hooks/esm/utils/index.js
[2023-01-15 22:43:27] pattern-logger-loader is handing file: /Volumes/T7/maple-base/packages/react-hooks/esm/utils/useMount.js
[2023-01-15 22:43:27] pattern-logger-loader is handing file: /Volumes/T7/maple-base/packages/react-hooks/esm/utils/useUnmount.js
[2023-01-15 22:43:27] pattern-logger-loader is handing file: /Volumes/T7/maple-base/packages/react-hooks/esm/utils/useSingleton.js
[2023-01-15 22:43:27] pattern-logger-loader is handing file: /Volumes/T7/maple-base/packages/react-hooks/esm/utils/useAsync.js
[2023-01-15 22:43:27] pattern-logger-loader is handing file: /Volumes/T7/maple-base/packages/react-hooks/esm/dom/useWindowSize.js
[2023-01-15 22:43:27] pattern-logger-loader is handing file: /Volumes/T7/maple-base/packages/react-hooks/esm/dom/useScript.js
[2023-01-15 22:43:27] pattern-logger-loader is handing file: /Volumes/T7/maple-base/packages/react-hooks/esm/utils/useScroll.js
[2023-01-15 22:43:27] pattern-logger-loader is handing file: /Volumes/T7/maple-base/packages/react-hooks/esm/utils/useEffectOnce.js
[2023-01-15 22:43:27] pattern-logger-loader is handing file: /Volumes/T7/maple-base/packages/react-hooks/esm/helper/index.js
[2023-01-15 22:44:13] pattern-logger-loader is handing file: /Volumes/T7/maple-base/examples/webpack-react/src/main.tsx
[2023-01-15 22:44:14] pattern-logger-loader is handing file: /Volumes/T7/maple-base/examples/webpack-react/src/app.tsx
[2023-01-15 22:44:14] pattern-logger-loader is handing file: /Volumes/T7/maple-base/packages/react-hooks/esm/index.js
[2023-01-15 22:44:15] pattern-logger-loader is handing file: /Volumes/T7/maple-base/packages/react-hooks/esm/utils/index.js
[2023-01-15 22:44:15] pattern-logger-loader is handing file: /Volumes/T7/maple-base/packages/react-hooks/esm/dom/index.js
[2023-01-15 22:44:15] pattern-logger-loader is handing file: /Volumes/T7/maple-base/packages/react-hooks/esm/utils/useMount.js
[2023-01-15 22:44:15] pattern-logger-loader is handing file: /Volumes/T7/maple-base/packages/react-hooks/esm/utils/useSingleton.js
[2023-01-15 22:44:15] pattern-logger-loader is handing file: /Volumes/T7/maple-base/packages/react-hooks/esm/utils/useUnmount.js
[2023-01-15 22:44:15] pattern-logger-loader is handing file: /Volumes/T7/maple-base/packages/react-hooks/esm/utils/useAsync.js
[2023-01-15 22:44:15] pattern-logger-loader is handing file: /Volumes/T7/maple-base/packages/react-hooks/esm/utils/useScroll.js
[2023-01-15 22:44:15] pattern-logger-loader is handing file: /Volumes/T7/maple-base/packages/react-hooks/esm/dom/useScript.js
[2023-01-15 22:44:15] pattern-logger-loader is handing file: /Volumes/T7/maple-base/packages/react-hooks/esm/dom/useWindowSize.js
[2023-01-15 22:44:15] pattern-logger-loader is handing file: /Volumes/T7/maple-base/packages/react-hooks/esm/utils/useEffectOnce.js
[2023-01-15 22:44:15] pattern-logger-loader is handing file: /Volumes/T7/maple-base/packages/react-hooks/esm/helper/index.js
[2023-01-15 22:44:44] pattern-logger-loader is handing file: /Volumes/T7/maple-base/examples/webpack-react/src/main.tsx
[2023-01-15 22:44:45] pattern-logger-loader is handing file: /Volumes/T7/maple-base/examples/webpack-react/src/app.tsx
[2023-01-15 22:44:45] pattern-logger-loader is handing file: /Volumes/T7/maple-base/packages/react-hooks/esm/index.js
[2023-01-15 22:44:45] pattern-logger-loader is handing file: /Volumes/T7/maple-base/packages/react-hooks/esm/dom/index.js
[2023-01-15 22:44:45] pattern-logger-loader is handing file: /Volumes/T7/maple-base/packages/react-hooks/esm/utils/index.js
[2023-01-15 22:44:46] pattern-logger-loader is handing file: /Volumes/T7/maple-base/packages/react-hooks/esm/utils/useUnmount.js
[2023-01-15 22:44:46] pattern-logger-loader is handing file: /Volumes/T7/maple-base/packages/react-hooks/esm/dom/useScript.js
[2023-01-15 22:44:46] pattern-logger-loader is handing file: /Volumes/T7/maple-base/packages/react-hooks/esm/dom/useWindowSize.js
[2023-01-15 22:44:46] pattern-logger-loader is handing file: /Volumes/T7/maple-base/packages/react-hooks/esm/utils/useMount.js
[2023-01-15 22:44:46] pattern-logger-loader is handing file: /Volumes/T7/maple-base/packages/react-hooks/esm/utils/useSingleton.js
[2023-01-15 22:44:46] pattern-logger-loader is handing file: /Volumes/T7/maple-base/packages/react-hooks/esm/utils/useScroll.js
[2023-01-15 22:44:46] pattern-logger-loader is handing file: /Volumes/T7/maple-base/packages/react-hooks/esm/utils/useAsync.js
[2023-01-15 22:44:46] pattern-logger-loader is handing file: /Volumes/T7/maple-base/packages/react-hooks/esm/utils/useEffectOnce.js
[2023-01-15 22:44:46] pattern-logger-loader is handing file: /Volumes/T7/maple-base/packages/react-hooks/esm/helper/index.js
[2023-03-02 9:57:20] pattern-logger-loader is handing file: /Volumes/T7/maple-base/examples/webpack-react/src/main.tsx
[2023-03-02 9:57:45] pattern-logger-loader is handing file: /Volumes/T7/maple-base/examples/webpack-react/src/main.tsx
[2023-03-02 9:57:46] pattern-logger-loader is handing file: /Volumes/T7/maple-base/examples/webpack-react/src/main.tsx
[2023-03-02 9:58:40] pattern-logger-loader is handing file: /Volumes/T7/maple-base/examples/webpack-react/src/main.tsx
[2023-03-02 9:58:42] pattern-logger-loader is handing file: /Volumes/T7/maple-base/examples/webpack-react/src/app.tsx
[2023-03-02 9:58:42] pattern-logger-loader is handing file: /Volumes/T7/maple-base/examples/webpack-react/src/useStateDemo.tsx
[2023-03-02 9:58:42] pattern-logger-loader is handing file: /Volumes/T7/maple-base/examples/webpack-react/src/area.tsx
[2023-03-02 9:58:42] pattern-logger-loader is handing file: /Volumes/T7/maple-base/examples/webpack-react/src/ProductList/ProductList.tsx
[2023-03-02 9:58:42] pattern-logger-loader is handing file: /Volumes/T7/maple-base/examples/webpack-react/src/ProductList2/ProductList.tsx
[2023-03-02 9:58:42] pattern-logger-loader is handing file: /Volumes/T7/maple-base/examples/webpack-react/src/Components/index.ts
[2023-03-02 9:58:42] pattern-logger-loader is handing file: /Volumes/T7/maple-base/packages/react-hooks/esm/index.js
[2023-03-02 9:58:43] pattern-logger-loader is handing file: /Volumes/T7/maple-base/examples/webpack-react/src/ProductPage/ProductPage.tsx
[2023-03-02 9:58:43] pattern-logger-loader is handing file: /Volumes/T7/maple-base/examples/webpack-react/src/Components/form/index.tsx
[2023-03-02 9:58:43] pattern-logger-loader is handing file: /Volumes/T7/maple-base/packages/react-hooks/esm/dom/index.js
[2023-03-02 9:58:43] pattern-logger-loader is handing file: /Volumes/T7/maple-base/packages/react-hooks/esm/utils/index.js
[2023-03-02 9:58:44] pattern-logger-loader is handing file: /Volumes/T7/maple-base/packages/react-hooks/esm/dom/useWindowSize.js
[2023-03-02 9:58:44] pattern-logger-loader is handing file: /Volumes/T7/maple-base/packages/react-hooks/esm/dom/useScript.js
[2023-03-02 9:58:44] pattern-logger-loader is handing file: /Volumes/T7/maple-base/packages/react-hooks/esm/utils/useMount.js
[2023-03-02 9:58:44] pattern-logger-loader is handing file: /Volumes/T7/maple-base/packages/react-hooks/esm/utils/useSingleton.js
[2023-03-02 9:58:44] pattern-logger-loader is handing file: /Volumes/T7/maple-base/packages/react-hooks/esm/utils/useUnmount.js
[2023-03-02 9:58:44] pattern-logger-loader is handing file: /Volumes/T7/maple-base/packages/react-hooks/esm/utils/useAsync.js
[2023-03-02 9:58:44] pattern-logger-loader is handing file: /Volumes/T7/maple-base/packages/react-hooks/esm/utils/useScroll.js
[2023-03-02 9:58:45] pattern-logger-loader is handing file: /Volumes/T7/maple-base/packages/react-hooks/esm/utils/useEffectOnce.js
[2023-03-02 9:58:45] pattern-logger-loader is handing file: /Volumes/T7/maple-base/packages/react-hooks/esm/helper/index.js
[2023-03-02 9:58:53] pattern-logger-loader is handing file: /Volumes/T7/maple-base/examples/webpack-react/src/main.tsx
[2023-03-02 9:59:10] pattern-logger-loader is handing file: /Volumes/T7/maple-base/examples/webpack-react/src/app.tsx
[2023-03-02 9:59:15] pattern-logger-loader is handing file: /Volumes/T7/maple-base/examples/webpack-react/src/app.tsx
[2023-03-02 9:59:18] pattern-logger-loader is handing file: /Volumes/T7/maple-base/examples/webpack-react/src/app.tsx
[2023-03-02 9:59:23] pattern-logger-loader is handing file: /Volumes/T7/maple-base/examples/webpack-react/src/app.tsx
[2023-03-02 9:59:31] pattern-logger-loader is handing file: /Volumes/T7/maple-base/examples/webpack-react/src/app.tsx
[2023-03-02 9:59:35] pattern-logger-loader is handing file: /Volumes/T7/maple-base/examples/webpack-react/src/app.tsx
[2023-03-02 9:59:37] pattern-logger-loader is handing file: /Volumes/T7/maple-base/examples/webpack-react/src/app.tsx
[2023-03-02 9:59:40] pattern-logger-loader is handing file: /Volumes/T7/maple-base/examples/webpack-react/src/app.tsx
[2023-03-02 10:0:03] pattern-logger-loader is handing file: /Volumes/T7/maple-base/examples/webpack-react/src/Components/form/index.tsx
[2023-03-02 10:1:18] pattern-logger-loader is handing file: /Volumes/T7/maple-base/examples/webpack-react/src/Components/form/index.tsx
[2023-03-02 10:1:25] pattern-logger-loader is handing file: /Volumes/T7/maple-base/examples/webpack-react/src/Components/form/index.tsx
[2023-03-02 10:1:27] pattern-logger-loader is handing file: /Volumes/T7/maple-base/examples/webpack-react/src/Components/form/index.tsx
[2023-03-02 10:1:34] pattern-logger-loader is handing file: /Volumes/T7/maple-base/examples/webpack-react/src/Components/form/index.tsx
[2023-03-02 10:1:41] pattern-logger-loader is handing file: /Volumes/T7/maple-base/examples/webpack-react/src/Components/form/index.tsx
[2023-03-02 10:1:46] pattern-logger-loader is handing file: /Volumes/T7/maple-base/examples/webpack-react/src/Components/form/index.tsx
[2023-03-02 10:1:47] pattern-logger-loader is handing file: /Volumes/T7/maple-base/examples/webpack-react/src/Components/form/index.tsx
[2023-03-02 10:1:50] pattern-logger-loader is handing file: /Volumes/T7/maple-base/examples/webpack-react/src/Components/form/index.tsx
[2023-03-02 10:1:56] pattern-logger-loader is handing file: /Volumes/T7/maple-base/examples/webpack-react/src/Components/form/index.tsx
[2023-03-02 10:1:58] pattern-logger-loader is handing file: /Volumes/T7/maple-base/examples/webpack-react/src/Components/form/index.tsx
[2023-03-02 10:2:01] pattern-logger-loader is handing file: /Volumes/T7/maple-base/examples/webpack-react/src/Components/form/index.tsx
[2023-03-02 10:2:03] pattern-logger-loader is handing file: /Volumes/T7/maple-base/examples/webpack-react/src/Components/form/index.tsx
[2023-03-02 10:2:05] pattern-logger-loader is handing file: /Volumes/T7/maple-base/examples/webpack-react/src/Components/form/index.tsx
[2023-03-02 10:2:11] pattern-logger-loader is handing file: /Volumes/T7/maple-base/examples/webpack-react/src/Components/form/index.tsx
[2023-03-02 10:2:20] pattern-logger-loader is handing file: /Volumes/T7/maple-base/examples/webpack-react/src/Components/form/index.tsx
[2023-03-02 10:2:22] pattern-logger-loader is handing file: /Volumes/T7/maple-base/examples/webpack-react/src/Components/form/index.tsx
[2023-03-02 10:2:28] pattern-logger-loader is handing file: /Volumes/T7/maple-base/examples/webpack-react/src/Components/form/index.tsx
[2023-03-02 10:3:19] pattern-logger-loader is handing file: /Volumes/T7/maple-base/examples/webpack-react/src/Components/form/index.tsx
[2023-03-02 10:3:27] pattern-logger-loader is handing file: /Volumes/T7/maple-base/examples/webpack-react/src/Components/form/index.tsx
[2023-03-02 10:3:29] pattern-logger-loader is handing file: /Volumes/T7/maple-base/examples/webpack-react/src/Components/form/index.tsx
[2023-03-02 10:3:33] pattern-logger-loader is handing file: /Volumes/T7/maple-base/examples/webpack-react/src/Components/form/index.tsx
[2023-03-02 10:3:37] pattern-logger-loader is handing file: /Volumes/T7/maple-base/examples/webpack-react/src/Components/form/index.tsx
[2023-03-02 10:3:45] pattern-logger-loader is handing file: /Volumes/T7/maple-base/examples/webpack-react/src/Components/form/index.tsx
[2023-03-02 10:3:59] pattern-logger-loader is handing file: /Volumes/T7/maple-base/examples/webpack-react/src/Components/form/index.tsx
[2023-03-02 10:4:02] pattern-logger-loader is handing file: /Volumes/T7/maple-base/examples/webpack-react/src/Components/form/index.tsx
[2023-03-02 10:4:10] pattern-logger-loader is handing file: /Volumes/T7/maple-base/examples/webpack-react/src/Components/form/index.tsx
[2023-03-02 10:4:13] pattern-logger-loader is handing file: /Volumes/T7/maple-base/examples/webpack-react/src/Components/form/index.tsx
[2023-03-02 10:4:21] pattern-logger-loader is handing file: /Volumes/T7/maple-base/examples/webpack-react/src/Components/form/index.tsx
[2023-03-02 10:4:25] pattern-logger-loader is handing file: /Volumes/T7/maple-base/examples/webpack-react/src/Components/form/index.tsx
[2023-03-02 10:4:26] pattern-logger-loader is handing file: /Volumes/T7/maple-base/examples/webpack-react/src/Components/form/index.tsx
[2023-03-02 10:4:29] pattern-logger-loader is handing file: /Volumes/T7/maple-base/examples/webpack-react/src/Components/form/index.tsx
[2023-03-02 10:4:33] pattern-logger-loader is handing file: /Volumes/T7/maple-base/examples/webpack-react/src/Components/form/index.tsx
[2023-03-02 10:4:34] pattern-logger-loader is handing file: /Volumes/T7/maple-base/examples/webpack-react/src/Components/form/index.tsx
[2023-03-02 10:4:42] pattern-logger-loader is handing file: /Volumes/T7/maple-base/examples/webpack-react/src/Components/form/index.tsx
[2023-03-02 10:4:47] pattern-logger-loader is handing file: /Volumes/T7/maple-base/examples/webpack-react/src/Components/form/index.tsx
[2023-03-02 10:4:49] pattern-logger-loader is handing file: /Volumes/T7/maple-base/examples/webpack-react/src/Components/form/index.tsx
[2023-03-02 10:4:51] pattern-logger-loader is handing file: /Volumes/T7/maple-base/examples/webpack-react/src/Components/form/index.tsx
[2023-03-02 10:4:56] pattern-logger-loader is handing file: /Volumes/T7/maple-base/examples/webpack-react/src/Components/form/index.tsx
[2023-03-02 10:5:01] pattern-logger-loader is handing file: /Volumes/T7/maple-base/examples/webpack-react/src/Components/form/index.tsx
[2023-03-02 10:5:02] pattern-logger-loader is handing file: /Volumes/T7/maple-base/examples/webpack-react/src/Components/form/index.tsx
[2023-03-02 10:5:06] pattern-logger-loader is handing file: /Volumes/T7/maple-base/examples/webpack-react/src/Components/form/index.tsx
[2023-03-02 10:5:14] pattern-logger-loader is handing file: /Volumes/T7/maple-base/examples/webpack-react/src/Components/form/index.tsx
[2023-03-02 10:5:15] pattern-logger-loader is handing file: /Volumes/T7/maple-base/examples/webpack-react/src/Components/form/index.tsx
[2023-03-02 10:5:23] pattern-logger-loader is handing file: /Volumes/T7/maple-base/examples/webpack-react/src/Components/form/index.tsx
[2023-03-02 10:5:27] pattern-logger-loader is handing file: /Volumes/T7/maple-base/examples/webpack-react/src/Components/form/index.tsx
[2023-03-02 10:5:34] pattern-logger-loader is handing file: /Volumes/T7/maple-base/examples/webpack-react/src/Components/form/index.tsx
[2023-03-02 10:5:36] pattern-logger-loader is handing file: /Volumes/T7/maple-base/examples/webpack-react/src/Components/form/index.tsx
[2023-03-02 10:6:01] pattern-logger-loader is handing file: /Volumes/T7/maple-base/examples/webpack-react/src/Components/form/index.tsx
[2023-03-02 10:6:03] pattern-logger-loader is handing file: /Volumes/T7/maple-base/examples/webpack-react/src/Components/form/index.tsx
[2023-03-02 10:6:56] pattern-logger-loader is handing file: /Volumes/T7/maple-base/examples/webpack-react/src/Components/form/index.tsx
[2023-03-02 10:7:05] pattern-logger-loader is handing file: /Volumes/T7/maple-base/examples/webpack-react/src/Components/form/index.tsx
[2023-03-02 10:7:26] pattern-logger-loader is handing file: /Volumes/T7/maple-base/examples/webpack-react/src/Components/form/index.tsx
[2023-03-02 10:7:29] pattern-logger-loader is handing file: /Volumes/T7/maple-base/examples/webpack-react/src/Components/form/index.tsx
[2023-03-02 10:7:30] pattern-logger-loader is handing file: /Volumes/T7/maple-base/examples/webpack-react/src/Components/form/index.tsx
[2023-03-02 10:7:35] pattern-logger-loader is handing file: /Volumes/T7/maple-base/examples/webpack-react/src/Components/form/index.tsx
[2023-03-02 10:7:47] pattern-logger-loader is handing file: /Volumes/T7/maple-base/examples/webpack-react/src/Components/form/index.tsx
[2023-03-02 10:7:53] pattern-logger-loader is handing file: /Volumes/T7/maple-base/examples/webpack-react/src/Components/form/index.tsx
[2023-03-02 10:7:54] pattern-logger-loader is handing file: /Volumes/T7/maple-base/examples/webpack-react/src/Components/form/index.tsx
[2023-03-02 10:8:10] pattern-logger-loader is handing file: /Volumes/T7/maple-base/examples/webpack-react/src/Components/form/index.tsx
[2023-03-02 10:8:16] pattern-logger-loader is handing file: /Volumes/T7/maple-base/examples/webpack-react/src/Components/form/index.tsx
[2023-03-02 10:8:21] pattern-logger-loader is handing file: /Volumes/T7/maple-base/examples/webpack-react/src/Components/form/index.tsx
[2023-03-02 10:9:03] pattern-logger-loader is handing file: /Volumes/T7/maple-base/examples/webpack-react/src/Components/form/index.tsx
[2023-03-02 10:9:06] pattern-logger-loader is handing file: /Volumes/T7/maple-base/examples/webpack-react/src/Components/form/index.tsx
[2023-03-02 10:9:12] pattern-logger-loader is handing file: /Volumes/T7/maple-base/examples/webpack-react/src/Components/form/index.tsx
[2023-03-02 10:9:19] pattern-logger-loader is handing file: /Volumes/T7/maple-base/examples/webpack-react/src/Components/form/index.tsx
[2023-03-02 10:9:22] pattern-logger-loader is handing file: /Volumes/T7/maple-base/examples/webpack-react/src/Components/form/index.tsx
[2023-03-02 10:9:24] pattern-logger-loader is handing file: /Volumes/T7/maple-base/examples/webpack-react/src/Components/form/index.tsx
[2023-03-02 10:9:29] pattern-logger-loader is handing file: /Volumes/T7/maple-base/examples/webpack-react/src/Components/form/index.tsx
[2023-03-02 10:9:30] pattern-logger-loader is handing file: /Volumes/T7/maple-base/examples/webpack-react/src/Components/form/index.tsx
[2023-03-02 10:9:34] pattern-logger-loader is handing file: /Volumes/T7/maple-base/examples/webpack-react/src/Components/form/index.tsx
[2023-03-02 10:9:49] pattern-logger-loader is handing file: /Volumes/T7/maple-base/examples/webpack-react/src/Components/form/index.tsx
[2023-03-02 10:10:00] pattern-logger-loader is handing file: /Volumes/T7/maple-base/examples/webpack-react/src/Components/form/index.tsx
[2023-03-02 14:44:05] pattern-logger-loader is handing file: /Volumes/T7/maple-base/examples/webpack-react/src/Components/form/index.tsx
[2023-03-02 14:44:08] pattern-logger-loader is handing file: /Volumes/T7/maple-base/examples/webpack-react/src/Components/form/index.tsx
[2023-03-02 14:44:15] pattern-logger-loader is handing file: /Volumes/T7/maple-base/examples/webpack-react/src/Components/form/index.tsx
[2023-03-02 14:44:22] pattern-logger-loader is handing file: /Volumes/T7/maple-base/examples/webpack-react/src/Components/form/index.tsx
[2023-03-02 14:44:25] pattern-logger-loader is handing file: /Volumes/T7/maple-base/examples/webpack-react/src/Components/form/index.tsx
[2023-03-02 14:44:27] pattern-logger-loader is handing file: /Volumes/T7/maple-base/examples/webpack-react/src/Components/form/index.tsx
[2023-03-02 14:44:30] pattern-logger-loader is handing file: /Volumes/T7/maple-base/examples/webpack-react/src/Components/form/index.tsx
[2023-03-02 14:44:34] pattern-logger-loader is handing file: /Volumes/T7/maple-base/examples/webpack-react/src/Components/form/index.tsx
[2023-03-02 14:44:36] pattern-logger-loader is handing file: /Volumes/T7/maple-base/examples/webpack-react/src/Components/form/index.tsx
[2023-03-02 14:44:41] pattern-logger-loader is handing file: /Volumes/T7/maple-base/examples/webpack-react/src/Components/form/index.tsx
[2023-03-02 14:44:43] pattern-logger-loader is handing file: /Volumes/T7/maple-base/examples/webpack-react/src/Components/form/index.tsx
[2023-03-02 14:44:47] pattern-logger-loader is handing file: /Volumes/T7/maple-base/examples/webpack-react/src/Components/form/index.tsx
[2023-03-02 14:44:53] pattern-logger-loader is handing file: /Volumes/T7/maple-base/examples/webpack-react/src/Components/form/index.tsx
[2023-03-02 14:44:58] pattern-logger-loader is handing file: /Volumes/T7/maple-base/examples/webpack-react/src/Components/form/index.tsx
[2023-03-02 14:45:08] pattern-logger-loader is handing file: /Volumes/T7/maple-base/examples/webpack-react/src/Components/form/index.tsx
[2023-03-02 14:45:14] pattern-logger-loader is handing file: /Volumes/T7/maple-base/examples/webpack-react/src/Components/form/index.tsx
[2023-03-02 14:46:29] pattern-logger-loader is handing file: /Volumes/T7/maple-base/examples/webpack-react/src/Components/form/index.tsx
[2023-03-02 14:46:35] pattern-logger-loader is handing file: /Volumes/T7/maple-base/examples/webpack-react/src/Components/form/index.tsx
[2023-03-02 14:46:37] pattern-logger-loader is handing file: /Volumes/T7/maple-base/examples/webpack-react/src/Components/form/index.tsx
[2023-03-02 14:46:39] pattern-logger-loader is handing file: /Volumes/T7/maple-base/examples/webpack-react/src/Components/form/index.tsx
[2023-03-02 14:46:41] pattern-logger-loader is handing file: /Volumes/T7/maple-base/examples/webpack-react/src/Components/form/index.tsx
[2023-03-02 14:46:45] pattern-logger-loader is handing file: /Volumes/T7/maple-base/examples/webpack-react/src/Components/form/index.tsx
[2023-03-02 14:46:58] pattern-logger-loader is handing file: /Volumes/T7/maple-base/examples/webpack-react/src/Components/form/index.tsx
[2023-03-02 14:47:00] pattern-logger-loader is handing file: /Volumes/T7/maple-base/examples/webpack-react/src/Components/form/index.tsx
[2023-03-02 14:47:02] pattern-logger-loader is handing file: /Volumes/T7/maple-base/examples/webpack-react/src/Components/form/index.tsx
[2023-03-02 14:47:03] pattern-logger-loader is handing file: /Volumes/T7/maple-base/examples/webpack-react/src/Components/form/index.tsx
[2023-03-02 14:47:07] pattern-logger-loader is handing file: /Volumes/T7/maple-base/examples/webpack-react/src/Components/form/index.tsx
[2023-03-02 14:47:09] pattern-logger-loader is handing file: /Volumes/T7/maple-base/examples/webpack-react/src/Components/form/index.tsx
[2023-03-02 14:47:12] pattern-logger-loader is handing file: /Volumes/T7/maple-base/examples/webpack-react/src/Components/form/index.tsx
[2023-03-02 14:47:28] pattern-logger-loader is handing file: /Volumes/T7/maple-base/examples/webpack-react/src/Components/form/index.tsx
[2023-03-02 14:47:32] pattern-logger-loader is handing file: /Volumes/T7/maple-base/examples/webpack-react/src/Components/form/index.tsx
[2023-03-02 14:47:34] pattern-logger-loader is handing file: /Volumes/T7/maple-base/examples/webpack-react/src/Components/form/index.tsx
[2023-03-02 14:47:38] pattern-logger-loader is handing file: /Volumes/T7/maple-base/examples/webpack-react/src/Components/form/index.tsx
[2023-03-02 14:47:52] pattern-logger-loader is handing file: /Volumes/T7/maple-base/examples/webpack-react/src/Components/form/index.tsx
[2023-03-02 14:47:54] pattern-logger-loader is handing file: /Volumes/T7/maple-base/examples/webpack-react/src/Components/form/index.tsx
[2023-03-02 14:47:58] pattern-logger-loader is handing file: /Volumes/T7/maple-base/examples/webpack-react/src/Components/form/index.tsx
[2023-03-02 14:47:59] pattern-logger-loader is handing file: /Volumes/T7/maple-base/examples/webpack-react/src/Components/form/index.tsx
[2023-03-02 14:48:02] pattern-logger-loader is handing file: /Volumes/T7/maple-base/examples/webpack-react/src/Components/form/index.tsx
[2023-03-02 14:48:06] pattern-logger-loader is handing file: /Volumes/T7/maple-base/examples/webpack-react/src/Components/form/index.tsx
[2023-03-02 14:48:07] pattern-logger-loader is handing file: /Volumes/T7/maple-base/examples/webpack-react/src/Components/form/index.tsx
[2023-03-02 14:48:08] pattern-logger-loader is handing file: /Volumes/T7/maple-base/examples/webpack-react/src/Components/form/index.tsx
[2023-03-02 14:48:31] pattern-logger-loader is handing file: /Volumes/T7/maple-base/examples/webpack-react/src/Components/form/index.tsx
[2023-03-02 14:48:33] pattern-logger-loader is handing file: /Volumes/T7/maple-base/examples/webpack-react/src/Components/form/index.tsx
[2023-03-02 14:48:36] pattern-logger-loader is handing file: /Volumes/T7/maple-base/examples/webpack-react/src/Components/form/index.tsx
[2023-03-02 14:48:40] pattern-logger-loader is handing file: /Volumes/T7/maple-base/examples/webpack-react/src/Components/form/index.tsx
[2023-03-02 14:48:42] pattern-logger-loader is handing file: /Volumes/T7/maple-base/examples/webpack-react/src/Components/form/index.tsx
[2023-03-02 14:48:42] pattern-logger-loader is handing file: /Volumes/T7/maple-base/examples/webpack-react/src/Components/form/index.tsx
[2023-03-02 14:48:48] pattern-logger-loader is handing file: /Volumes/T7/maple-base/examples/webpack-react/src/Components/form/index.tsx
[2023-03-02 14:48:50] pattern-logger-loader is handing file: /Volumes/T7/maple-base/examples/webpack-react/src/Components/form/index.tsx
[2023-03-02 14:48:53] pattern-logger-loader is handing file: /Volumes/T7/maple-base/examples/webpack-react/src/Components/form/index.tsx
[2023-03-02 14:49:01] pattern-logger-loader is handing file: /Volumes/T7/maple-base/examples/webpack-react/src/Components/form/index.tsx
[2023-03-02 14:49:03] pattern-logger-loader is handing file: /Volumes/T7/maple-base/examples/webpack-react/src/Components/form/index.tsx
[2023-03-02 14:49:04] pattern-logger-loader is handing file: /Volumes/T7/maple-base/examples/webpack-react/src/Components/form/index.tsx
[2023-03-02 14:49:05] pattern-logger-loader is handing file: /Volumes/T7/maple-base/examples/webpack-react/src/Components/form/index.tsx
[2023-03-02 14:49:30] pattern-logger-loader is handing file: /Volumes/T7/maple-base/examples/webpack-react/src/Components/form/index.tsx
[2023-03-02 14:49:31] pattern-logger-loader is handing file: /Volumes/T7/maple-base/examples/webpack-react/src/Components/form/index.tsx
[2023-03-02 14:56:27] pattern-logger-loader is handing file: /Volumes/T7/maple-base/examples/webpack-react/src/Components/form/index.tsx
[2023-03-02 14:56:31] pattern-logger-loader is handing file: /Volumes/T7/maple-base/examples/webpack-react/src/Components/form/index.tsx
[2023-03-02 14:56:38] pattern-logger-loader is handing file: /Volumes/T7/maple-base/examples/webpack-react/src/Components/form/index.tsx
[2023-03-02 14:56:46] pattern-logger-loader is handing file: /Volumes/T7/maple-base/examples/webpack-react/src/Components/form/index.tsx
[2023-03-02 14:56:48] pattern-logger-loader is handing file: /Volumes/T7/maple-base/examples/webpack-react/src/Components/form/index.tsx
[2023-03-02 14:56:51] pattern-logger-loader is handing file: /Volumes/T7/maple-base/examples/webpack-react/src/Components/form/index.tsx
[2023-03-02 14:57:29] pattern-logger-loader is handing file: /Volumes/T7/maple-base/examples/webpack-react/src/Components/form/index.tsx
[2023-03-02 14:57:31] pattern-logger-loader is handing file: /Volumes/T7/maple-base/examples/webpack-react/src/Components/form/index.tsx
[2023-03-02 14:57:36] pattern-logger-loader is handing file: /Volumes/T7/maple-base/examples/webpack-react/src/Components/form/index.tsx
[2023-03-02 14:57:45] pattern-logger-loader is handing file: /Volumes/T7/maple-base/examples/webpack-react/src/Components/form/index.tsx
[2023-03-02 14:57:49] pattern-logger-loader is handing file: /Volumes/T7/maple-base/examples/webpack-react/src/Components/form/index.tsx
[2023-03-02 14:57:56] pattern-logger-loader is handing file: /Volumes/T7/maple-base/examples/webpack-react/src/Components/form/index.tsx
[2023-03-02 14:57:59] pattern-logger-loader is handing file: /Volumes/T7/maple-base/examples/webpack-react/src/Components/form/index.tsx
[2023-03-02 14:57:59] pattern-logger-loader is handing file: /Volumes/T7/maple-base/examples/webpack-react/src/Components/form/index.tsx
[2023-03-02 14:58:03] pattern-logger-loader is handing file: /Volumes/T7/maple-base/examples/webpack-react/src/Components/form/index.tsx
[2023-03-02 14:58:05] pattern-logger-loader is handing file: /Volumes/T7/maple-base/examples/webpack-react/src/Components/form/index.tsx
[2023-03-02 14:58:07] pattern-logger-loader is handing file: /Volumes/T7/maple-base/examples/webpack-react/src/Components/form/index.tsx
[2023-03-02 14:58:27] pattern-logger-loader is handing file: /Volumes/T7/maple-base/examples/webpack-react/src/Components/form/index.tsx
[2023-03-02 14:58:28] pattern-logger-loader is handing file: /Volumes/T7/maple-base/examples/webpack-react/src/Components/form/index.tsx
[2023-03-02 14:58:30] pattern-logger-loader is handing file: /Volumes/T7/maple-base/examples/webpack-react/src/Components/form/index.tsx
[2023-03-02 14:58:43] pattern-logger-loader is handing file: /Volumes/T7/maple-base/examples/webpack-react/src/Components/form/index.tsx
[2023-03-02 14:58:45] pattern-logger-loader is handing file: /Volumes/T7/maple-base/examples/webpack-react/src/Components/form/index.tsx
[2023-03-02 14:58:57] pattern-logger-loader is handing file: /Volumes/T7/maple-base/examples/webpack-react/src/Components/form/index.tsx
[2023-03-02 14:58:59] pattern-logger-loader is handing file: /Volumes/T7/maple-base/examples/webpack-react/src/Components/form/index.tsx
[2023-03-02 14:59:01] pattern-logger-loader is handing file: /Volumes/T7/maple-base/examples/webpack-react/src/Components/form/index.tsx
[2023-03-02 14:59:06] pattern-logger-loader is handing file: /Volumes/T7/maple-base/examples/webpack-react/src/Components/form/index.tsx
[2023-03-02 14:59:08] pattern-logger-loader is handing file: /Volumes/T7/maple-base/examples/webpack-react/src/Components/form/index.tsx
[2023-03-02 14:59:11] pattern-logger-loader is handing file: /Volumes/T7/maple-base/examples/webpack-react/src/Components/form/index.tsx
[2023-03-02 14:59:18] pattern-logger-loader is handing file: /Volumes/T7/maple-base/examples/webpack-react/src/Components/form/index.tsx
[2023-03-02 14:59:25] pattern-logger-loader is handing file: /Volumes/T7/maple-base/examples/webpack-react/src/Components/form/index.tsx
[2023-03-02 14:59:28] pattern-logger-loader is handing file: /Volumes/T7/maple-base/examples/webpack-react/src/Components/form/index.tsx
[2023-03-02 14:59:35] pattern-logger-loader is handing file: /Volumes/T7/maple-base/examples/webpack-react/src/Components/form/index.tsx
[2023-03-02 15:0:03] pattern-logger-loader is handing file: /Volumes/T7/maple-base/examples/webpack-react/src/Components/form/index.tsx
[2023-03-02 15:1:16] pattern-logger-loader is handing file: /Volumes/T7/maple-base/examples/webpack-react/src/Components/form/index.tsx
[2023-03-03 8:14:05] pattern-logger-loader is handing file: /Volumes/T7/maple-base/examples/webpack-react/src/app.tsx
[2023-03-03 8:14:08] pattern-logger-loader is handing file: /Volumes/T7/maple-base/examples/webpack-react/src/app.tsx
[2023-03-03 8:14:09] pattern-logger-loader is handing file: /Volumes/T7/maple-base/examples/webpack-react/src/app.tsx
[2023-03-03 8:14:12] pattern-logger-loader is handing file: /Volumes/T7/maple-base/examples/webpack-react/src/app.tsx
[2023-03-03 8:14:14] pattern-logger-loader is handing file: /Volumes/T7/maple-base/examples/webpack-react/src/app.tsx
[2023-03-03 8:14:33] pattern-logger-loader is handing file: /Volumes/T7/maple-base/examples/webpack-react/src/app.tsx
[2023-03-03 8:14:38] pattern-logger-loader is handing file: /Volumes/T7/maple-base/examples/webpack-react/src/app.tsx
[2023-03-03 8:14:38] pattern-logger-loader is handing file: /Volumes/T7/maple-base/examples/webpack-react/src/Components/index.ts
[2023-03-03 8:14:38] pattern-logger-loader is handing file: /Volumes/T7/maple-base/examples/webpack-react/src/Components/memo-profile/index.tsx
[2023-03-03 8:14:45] pattern-logger-loader is handing file: /Volumes/T7/maple-base/examples/webpack-react/src/app.tsx
[2023-03-03 8:15:42] pattern-logger-loader is handing file: /Volumes/T7/maple-base/examples/webpack-react/src/Components/memo-profile/index.tsx
[2023-03-03 8:15:45] pattern-logger-loader is handing file: /Volumes/T7/maple-base/examples/webpack-react/src/Components/memo-profile/index.tsx
[2023-03-03 8:15:50] pattern-logger-loader is handing file: /Volumes/T7/maple-base/examples/webpack-react/src/Components/memo-profile/index.tsx
[2023-03-03 8:15:58] pattern-logger-loader is handing file: /Volumes/T7/maple-base/examples/webpack-react/src/Components/memo-profile/index.tsx
[2023-03-03 8:16:15] pattern-logger-loader is handing file: /Volumes/T7/maple-base/examples/webpack-react/src/Components/memo-profile/index.tsx
[2023-03-03 8:16:18] pattern-logger-loader is handing file: /Volumes/T7/maple-base/examples/webpack-react/src/Components/memo-profile/index.tsx
[2023-03-03 8:16:43] pattern-logger-loader is handing file: /Volumes/T7/maple-base/examples/webpack-react/src/Components/memo-profile/index.tsx
[2023-03-03 8:16:47] pattern-logger-loader is handing file: /Volumes/T7/maple-base/examples/webpack-react/src/Components/memo-profile/index.tsx
[2023-03-03 8:16:49] pattern-logger-loader is handing file: /Volumes/T7/maple-base/examples/webpack-react/src/Components/memo-profile/index.tsx
[2023-03-03 8:17:01] pattern-logger-loader is handing file: /Volumes/T7/maple-base/examples/webpack-react/src/Components/memo-profile/index.tsx
[2023-03-03 8:17:03] pattern-logger-loader is handing file: /Volumes/T7/maple-base/examples/webpack-react/src/Components/memo-profile/index.tsx
[2023-03-03 8:17:05] pattern-logger-loader is handing file: /Volumes/T7/maple-base/examples/webpack-react/src/Components/memo-profile/index.tsx
[2023-03-03 8:17:07] pattern-logger-loader is handing file: /Volumes/T7/maple-base/examples/webpack-react/src/Components/memo-profile/index.tsx
[2023-03-03 8:17:15] pattern-logger-loader is handing file: /Volumes/T7/maple-base/examples/webpack-react/src/Components/memo-profile/index.tsx
[2023-03-03 8:17:17] pattern-logger-loader is handing file: /Volumes/T7/maple-base/examples/webpack-react/src/Components/memo-profile/index.tsx
[2023-03-03 8:17:18] pattern-logger-loader is handing file: /Volumes/T7/maple-base/examples/webpack-react/src/Components/memo-profile/index.tsx
[2023-03-03 8:18:06] pattern-logger-loader is handing file: /Volumes/T7/maple-base/examples/webpack-react/src/Components/memo-profile/index.tsx
[2023-03-03 8:18:08] pattern-logger-loader is handing file: /Volumes/T7/maple-base/examples/webpack-react/src/Components/memo-profile/index.tsx
[2023-03-03 8:18:09] pattern-logger-loader is handing file: /Volumes/T7/maple-base/examples/webpack-react/src/Components/memo-profile/index.tsx
[2023-03-03 8:18:11] pattern-logger-loader is handing file: /Volumes/T7/maple-base/examples/webpack-react/src/Components/memo-profile/index.tsx
[2023-03-03 8:18:13] pattern-logger-loader is handing file: /Volumes/T7/maple-base/examples/webpack-react/src/Components/memo-profile/index.tsx
[2023-03-03 8:18:17] pattern-logger-loader is handing file: /Volumes/T7/maple-base/examples/webpack-react/src/Components/memo-profile/index.tsx
[2023-03-03 8:18:18] pattern-logger-loader is handing file: /Volumes/T7/maple-base/examples/webpack-react/src/Components/memo-profile/index.tsx
[2023-03-03 8:18:21] pattern-logger-loader is handing file: /Volumes/T7/maple-base/examples/webpack-react/src/Components/memo-profile/index.tsx
[2023-03-03 8:18:26] pattern-logger-loader is handing file: /Volumes/T7/maple-base/examples/webpack-react/src/Components/memo-profile/index.tsx
[2023-03-03 8:18:27] pattern-logger-loader is handing file: /Volumes/T7/maple-base/examples/webpack-react/src/Components/memo-profile/index.tsx
[2023-03-03 8:18:31] pattern-logger-loader is handing file: /Volumes/T7/maple-base/examples/webpack-react/src/Components/memo-profile/index.tsx
[2023-03-03 8:18:37] pattern-logger-loader is handing file: /Volumes/T7/maple-base/examples/webpack-react/src/Components/memo-profile/index.tsx
[2023-03-03 8:18:39] pattern-logger-loader is handing file: /Volumes/T7/maple-base/examples/webpack-react/src/Components/memo-profile/index.tsx
[2023-03-03 8:18:45] pattern-logger-loader is handing file: /Volumes/T7/maple-base/examples/webpack-react/src/Components/memo-profile/index.tsx
[2023-03-03 8:18:49] pattern-logger-loader is handing file: /Volumes/T7/maple-base/examples/webpack-react/src/Components/memo-profile/index.tsx
[2023-03-03 8:18:50] pattern-logger-loader is handing file: /Volumes/T7/maple-base/examples/webpack-react/src/Components/memo-profile/index.tsx
[2023-03-03 8:18:52] pattern-logger-loader is handing file: /Volumes/T7/maple-base/examples/webpack-react/src/Components/memo-profile/index.tsx
[2023-03-03 8:18:53] pattern-logger-loader is handing file: /Volumes/T7/maple-base/examples/webpack-react/src/Components/memo-profile/index.tsx
[2023-03-03 8:19:09] pattern-logger-loader is handing file: /Volumes/T7/maple-base/examples/webpack-react/src/Components/memo-profile/index.tsx
[2023-03-03 8:19:11] pattern-logger-loader is handing file: /Volumes/T7/maple-base/examples/webpack-react/src/Components/memo-profile/index.tsx
[2023-03-03 8:19:14] pattern-logger-loader is handing file: /Volumes/T7/maple-base/examples/webpack-react/src/Components/memo-profile/index.tsx
[2023-03-03 8:19:15] pattern-logger-loader is handing file: /Volumes/T7/maple-base/examples/webpack-react/src/Components/memo-profile/index.tsx
[2023-03-03 8:19:30] pattern-logger-loader is handing file: /Volumes/T7/maple-base/examples/webpack-react/src/Components/memo-profile/index.tsx
[2023-03-03 8:19:39] pattern-logger-loader is handing file: /Volumes/T7/maple-base/examples/webpack-react/src/Components/memo-profile/index.tsx
[2023-03-03 8:19:40] pattern-logger-loader is handing file: /Volumes/T7/maple-base/examples/webpack-react/src/Components/memo-profile/index.tsx
[2023-03-03 8:19:41] pattern-logger-loader is handing file: /Volumes/T7/maple-base/examples/webpack-react/src/Components/memo-profile/index.tsx
[2023-03-03 8:19:52] pattern-logger-loader is handing file: /Volumes/T7/maple-base/examples/webpack-react/src/Components/memo-profile/index.tsx
[2023-03-03 8:19:53] pattern-logger-loader is handing file: /Volumes/T7/maple-base/examples/webpack-react/src/Components/memo-profile/index.tsx
[2023-03-03 8:20:00] pattern-logger-loader is handing file: /Volumes/T7/maple-base/examples/webpack-react/src/Components/memo-profile/index.tsx
[2023-03-03 8:20:01] pattern-logger-loader is handing file: /Volumes/T7/maple-base/examples/webpack-react/src/Components/memo-profile/index.tsx
[2023-03-03 8:20:19] pattern-logger-loader is handing file: /Volumes/T7/maple-base/examples/webpack-react/src/Components/memo-profile/index.tsx
[2023-03-03 8:21:17] pattern-logger-loader is handing file: /Volumes/T7/maple-base/examples/webpack-react/src/Components/memo-profile/index.tsx
[2023-03-03 8:21:19] pattern-logger-loader is handing file: /Volumes/T7/maple-base/examples/webpack-react/src/Components/memo-profile/index.tsx
[2023-03-03 8:23:46] pattern-logger-loader is handing file: /Volumes/T7/maple-base/examples/webpack-react/src/main.tsx
[2023-03-03 8:23:48] pattern-logger-loader is handing file: /Volumes/T7/maple-base/examples/webpack-react/src/app.tsx
[2023-03-03 8:23:48] pattern-logger-loader is handing file: /Volumes/T7/maple-base/examples/webpack-react/src/Components/index.ts
[2023-03-03 8:23:48] pattern-logger-loader is handing file: /Volumes/T7/maple-base/examples/webpack-react/src/Components/form/index.tsx
[2023-03-03 8:23:48] pattern-logger-loader is handing file: /Volumes/T7/maple-base/examples/webpack-react/src/Components/memo-profile/index.tsx
