--------------分隔符--------------
[2022-12-06 01:55:53] maple-pattern-loader is handing file: /Volumes/T7/maple-base/examples/webpack-react/src/main.tsx
[2022-12-06 01:55:54] maple-pattern-loader is handing file: /Volumes/T7/maple-base/examples/webpack-react/src/app.tsx
[2022-12-06 01:55:54] maple-pattern-loader is handing file: /Volumes/T7/maple-base/packages/react-hooks/esm/index.js
[2022-12-06 01:55:54] maple-pattern-loader is handing file: /Volumes/T7/maple-base/packages/react-hooks/esm/dom/index.js
[2022-12-06 01:55:54] maple-pattern-loader is handing file: /Volumes/T7/maple-base/packages/react-hooks/esm/utils/index.js
[2022-12-06 01:55:54] maple-pattern-loader is handing file: /Volumes/T7/maple-base/packages/react-hooks/esm/dom/useScript.js
[2022-12-06 01:55:54] maple-pattern-loader is handing file: /Volumes/T7/maple-base/packages/react-hooks/esm/dom/useWindowSize.js
[2022-12-06 01:55:54] maple-pattern-loader is handing file: /Volumes/T7/maple-base/packages/react-hooks/esm/utils/useUnmount.js
[2022-12-06 01:55:54] maple-pattern-loader is handing file: /Volumes/T7/maple-base/packages/react-hooks/esm/utils/useMount.js
[2022-12-06 01:55:54] maple-pattern-loader is handing file: /Volumes/T7/maple-base/packages/react-hooks/esm/utils/useSingleton.js
[2022-12-06 01:55:54] maple-pattern-loader is handing file: /Volumes/T7/maple-base/packages/react-hooks/esm/utils/useAsync.js
[2022-12-06 01:55:54] maple-pattern-loader is handing file: /Volumes/T7/maple-base/packages/react-hooks/esm/utils/useScroll.js
[2022-12-06 01:55:54] maple-pattern-loader is handing file: /Volumes/T7/maple-base/packages/react-hooks/esm/utils/useEffectOnce.js
[2022-12-06 01:55:54] maple-pattern-loader is handing file: /Volumes/T7/maple-base/packages/react-hooks/esm/helper/index.js
--------------分隔符--------------
[2022-12-06 01:56:08] maple-pattern-loader is handing file: /Volumes/T7/maple-base/examples/webpack-react/src/main.tsx
[2022-12-06 01:56:08] maple-pattern-loader is handing file: /Volumes/T7/maple-base/examples/webpack-react/src/app.tsx
[2022-12-06 01:56:08] maple-pattern-loader is handing file: /Volumes/T7/maple-base/packages/react-hooks/esm/index.js
[2022-12-06 01:56:09] maple-pattern-loader is handing file: /Volumes/T7/maple-base/packages/react-hooks/esm/utils/index.js
[2022-12-06 01:56:09] maple-pattern-loader is handing file: /Volumes/T7/maple-base/packages/react-hooks/esm/dom/index.js
[2022-12-06 01:56:09] maple-pattern-loader is handing file: /Volumes/T7/maple-base/packages/react-hooks/esm/utils/useMount.js
[2022-12-06 01:56:09] maple-pattern-loader is handing file: /Volumes/T7/maple-base/packages/react-hooks/esm/utils/useSingleton.js
[2022-12-06 01:56:09] maple-pattern-loader is handing file: /Volumes/T7/maple-base/packages/react-hooks/esm/utils/useAsync.js
[2022-12-06 01:56:09] maple-pattern-loader is handing file: /Volumes/T7/maple-base/packages/react-hooks/esm/utils/useUnmount.js
[2022-12-06 01:56:09] maple-pattern-loader is handing file: /Volumes/T7/maple-base/packages/react-hooks/esm/utils/useScroll.js
[2022-12-06 01:56:09] maple-pattern-loader is handing file: /Volumes/T7/maple-base/packages/react-hooks/esm/dom/useScript.js
[2022-12-06 01:56:09] maple-pattern-loader is handing file: /Volumes/T7/maple-base/packages/react-hooks/esm/dom/useWindowSize.js
[2022-12-06 01:56:09] maple-pattern-loader is handing file: /Volumes/T7/maple-base/packages/react-hooks/esm/utils/useEffectOnce.js
[2022-12-06 01:56:09] maple-pattern-loader is handing file: /Volumes/T7/maple-base/packages/react-hooks/esm/helper/index.js
--------------华丽的分隔线--------------
[2022-12-06 02:14:59] maple-pattern-loader is handing file: /Volumes/T7/maple-base/examples/webpack-react/src/main.tsx
[2022-12-06 02:15:00] maple-pattern-loader is handing file: /Volumes/T7/maple-base/examples/webpack-react/src/app.tsx
[2022-12-06 02:15:00] maple-pattern-loader is handing file: /Volumes/T7/maple-base/packages/react-hooks/esm/index.js
[2022-12-06 02:15:00] maple-pattern-loader is handing file: /Volumes/T7/maple-base/packages/react-hooks/esm/dom/index.js
[2022-12-06 02:15:00] maple-pattern-loader is handing file: /Volumes/T7/maple-base/packages/react-hooks/esm/utils/index.js
[2022-12-06 02:15:00] maple-pattern-loader is handing file: /Volumes/T7/maple-base/packages/react-hooks/esm/dom/useScript.js
[2022-12-06 02:15:00] maple-pattern-loader is handing file: /Volumes/T7/maple-base/packages/react-hooks/esm/dom/useWindowSize.js
[2022-12-06 02:15:00] maple-pattern-loader is handing file: /Volumes/T7/maple-base/packages/react-hooks/esm/utils/useMount.js
[2022-12-06 02:15:00] maple-pattern-loader is handing file: /Volumes/T7/maple-base/packages/react-hooks/esm/utils/useUnmount.js
[2022-12-06 02:15:00] maple-pattern-loader is handing file: /Volumes/T7/maple-base/packages/react-hooks/esm/utils/useSingleton.js
[2022-12-06 02:15:00] maple-pattern-loader is handing file: /Volumes/T7/maple-base/packages/react-hooks/esm/utils/useAsync.js
[2022-12-06 02:15:00] maple-pattern-loader is handing file: /Volumes/T7/maple-base/packages/react-hooks/esm/utils/useScroll.js
[2022-12-06 02:15:00] maple-pattern-loader is handing file: /Volumes/T7/maple-base/packages/react-hooks/esm/utils/useEffectOnce.js
[2022-12-06 02:15:00] maple-pattern-loader is handing file: /Volumes/T7/maple-base/packages/react-hooks/esm/helper/index.js
--------------华丽的分隔线--------------
[2022-12-06 02:33:42] maple-pattern-loader is handing file: /Volumes/T7/maple-base/examples/webpack-react/src/main.tsx
[2022-12-06 02:33:43] maple-pattern-loader is handing file: /Volumes/T7/maple-base/examples/webpack-react/src/app.tsx
[2022-12-06 02:33:43] maple-pattern-loader is handing file: /Volumes/T7/maple-base/packages/react-hooks/esm/index.js
[2022-12-06 02:33:43] maple-pattern-loader is handing file: /Volumes/T7/maple-base/packages/react-hooks/esm/utils/index.js
[2022-12-06 02:33:43] maple-pattern-loader is handing file: /Volumes/T7/maple-base/packages/react-hooks/esm/dom/index.js
[2022-12-06 02:33:43] maple-pattern-loader is handing file: /Volumes/T7/maple-base/packages/react-hooks/esm/utils/useMount.js
[2022-12-06 02:33:43] maple-pattern-loader is handing file: /Volumes/T7/maple-base/packages/react-hooks/esm/utils/useScroll.js
[2022-12-06 02:33:43] maple-pattern-loader is handing file: /Volumes/T7/maple-base/packages/react-hooks/esm/utils/useAsync.js
[2022-12-06 02:33:43] maple-pattern-loader is handing file: /Volumes/T7/maple-base/packages/react-hooks/esm/utils/useUnmount.js
[2022-12-06 02:33:43] maple-pattern-loader is handing file: /Volumes/T7/maple-base/packages/react-hooks/esm/utils/useSingleton.js
[2022-12-06 02:33:43] maple-pattern-loader is handing file: /Volumes/T7/maple-base/packages/react-hooks/esm/dom/useWindowSize.js
[2022-12-06 02:33:43] maple-pattern-loader is handing file: /Volumes/T7/maple-base/packages/react-hooks/esm/dom/useScript.js
[2022-12-06 02:33:43] maple-pattern-loader is handing file: /Volumes/T7/maple-base/packages/react-hooks/esm/utils/useEffectOnce.js
[2022-12-06 02:33:43] maple-pattern-loader is handing file: /Volumes/T7/maple-base/packages/react-hooks/esm/helper/index.js
--------------华丽的分隔线--------------
[2022-12-06 02:35:06] maple-pattern-loader is handing file: /Volumes/T7/maple-base/examples/webpack-react/src/main.tsx
[2022-12-06 02:35:06] maple-pattern-loader is handing file: /Volumes/T7/maple-base/examples/webpack-react/src/app.tsx
[2022-12-06 02:35:06] maple-pattern-loader is handing file: /Volumes/T7/maple-base/packages/react-hooks/esm/index.js
[2022-12-06 02:35:06] maple-pattern-loader is handing file: /Volumes/T7/maple-base/packages/react-hooks/esm/utils/index.js
[2022-12-06 02:35:06] maple-pattern-loader is handing file: /Volumes/T7/maple-base/packages/react-hooks/esm/dom/index.js
[2022-12-06 02:35:06] maple-pattern-loader is handing file: /Volumes/T7/maple-base/packages/react-hooks/esm/utils/useUnmount.js
[2022-12-06 02:35:06] maple-pattern-loader is handing file: /Volumes/T7/maple-base/packages/react-hooks/esm/utils/useMount.js
[2022-12-06 02:35:06] maple-pattern-loader is handing file: /Volumes/T7/maple-base/packages/react-hooks/esm/utils/useScroll.js
[2022-12-06 02:35:06] maple-pattern-loader is handing file: /Volumes/T7/maple-base/packages/react-hooks/esm/utils/useAsync.js
[2022-12-06 02:35:06] maple-pattern-loader is handing file: /Volumes/T7/maple-base/packages/react-hooks/esm/utils/useSingleton.js
[2022-12-06 02:35:06] maple-pattern-loader is handing file: /Volumes/T7/maple-base/packages/react-hooks/esm/dom/useScript.js
[2022-12-06 02:35:06] maple-pattern-loader is handing file: /Volumes/T7/maple-base/packages/react-hooks/esm/dom/useWindowSize.js
[2022-12-06 02:35:06] maple-pattern-loader is handing file: /Volumes/T7/maple-base/packages/react-hooks/esm/utils/useEffectOnce.js
[2022-12-06 02:35:06] maple-pattern-loader is handing file: /Volumes/T7/maple-base/packages/react-hooks/esm/helper/index.js
--------------华丽的分隔线--------------
[2022-12-06 02:36:11] maple-pattern-loader is handing file: /Volumes/T7/maple-base/examples/webpack-react/src/main.tsx
[2022-12-06 02:36:12] maple-pattern-loader is handing file: /Volumes/T7/maple-base/examples/webpack-react/src/app.tsx
[2022-12-06 02:36:12] maple-pattern-loader is handing file: /Volumes/T7/maple-base/packages/react-hooks/esm/index.js
[2022-12-06 02:36:12] maple-pattern-loader is handing file: /Volumes/T7/maple-base/packages/react-hooks/esm/dom/index.js
[2022-12-06 02:36:12] maple-pattern-loader is handing file: /Volumes/T7/maple-base/packages/react-hooks/esm/utils/index.js
[2022-12-06 02:36:12] maple-pattern-loader is handing file: /Volumes/T7/maple-base/packages/react-hooks/esm/dom/useScript.js
[2022-12-06 02:36:12] maple-pattern-loader is handing file: /Volumes/T7/maple-base/packages/react-hooks/esm/utils/useMount.js
[2022-12-06 02:36:12] maple-pattern-loader is handing file: /Volumes/T7/maple-base/packages/react-hooks/esm/dom/useWindowSize.js
[2022-12-06 02:36:12] maple-pattern-loader is handing file: /Volumes/T7/maple-base/packages/react-hooks/esm/utils/useSingleton.js
[2022-12-06 02:36:12] maple-pattern-loader is handing file: /Volumes/T7/maple-base/packages/react-hooks/esm/utils/useScroll.js
[2022-12-06 02:36:12] maple-pattern-loader is handing file: /Volumes/T7/maple-base/packages/react-hooks/esm/utils/useUnmount.js
[2022-12-06 02:36:12] maple-pattern-loader is handing file: /Volumes/T7/maple-base/packages/react-hooks/esm/utils/useAsync.js
[2022-12-06 02:36:12] maple-pattern-loader is handing file: /Volumes/T7/maple-base/packages/react-hooks/esm/utils/useEffectOnce.js
[2022-12-06 02:36:12] maple-pattern-loader is handing file: /Volumes/T7/maple-base/packages/react-hooks/esm/helper/index.js
[2022-12-06 02:36:39] maple-pattern-loader is handing file: /Volumes/T7/maple-base/examples/webpack-react/src/app.tsx
[2022-12-06 02:37:35] maple-pattern-loader is handing file: /Volumes/T7/maple-base/examples/webpack-react/src/app.tsx
[2022-12-06 02:38:14] maple-pattern-loader is handing file: /Volumes/T7/maple-base/examples/webpack-react/src/app.tsx
[2022-12-06 02:38:18] maple-pattern-loader is handing file: /Volumes/T7/maple-base/examples/webpack-react/src/app.tsx
